2021-06-20 13:01:17.915071: I tensorflow/stream_executor/platform/default/dso_loader.cc:48] Successfully opened dynamic library libcudart.so.10.1
******** device: cuda:0
*************************** (50000,) 746 (50000,)
*************************** start encoding...
*************************** data to ids finished...
*************************** and it costs 10 min 2.86 s
*************************** (5000,) 213 (5000,)
*************************** start encoding...
*************************** data to ids finished...
*************************** and it costs 0 min 50.61 s
sample_batch: 4 torch.Size([256, 600]) torch.Size([256, 600]) torch.Size([256, 600]) torch.int64 torch.Size([256]) torch.int64
********** sample_out: torch.Size([256, 10])
Params to learn:
*************************** start training...

================================================================================2021-06_20 13:12:32
*************************** [step = 50] loss: 1.091, acc: 0.675
*************************** [step = 100] loss: 0.735, acc: 0.780
*************************** [step = 150] loss: 0.597, acc: 0.820
EPOCH = 1 loss: 0.522, acc: 0.842, val_loss: 0.324, val_acc: 0.895

================================================================================2021-06_20 13:19:11
*************************** [step = 50] loss: 0.271, acc: 0.916
*************************** [step = 100] loss: 0.260, acc: 0.920
*************************** [step = 150] loss: 0.261, acc: 0.920
EPOCH = 2 loss: 0.259, acc: 0.921, val_loss: 0.360, val_acc: 0.883

================================================================================2021-06_20 13:26:47
*************************** [step = 50] loss: 0.235, acc: 0.927
*************************** [step = 100] loss: 0.228, acc: 0.930
*************************** [step = 150] loss: 0.224, acc: 0.931
EPOCH = 3 loss: 0.220, acc: 0.933, val_loss: 0.197, val_acc: 0.940

================================================================================2021-06_20 13:34:27
*************************** [step = 50] loss: 0.221, acc: 0.932
*************************** [step = 100] loss: 0.217, acc: 0.933
*************************** [step = 150] loss: 0.213, acc: 0.933
EPOCH = 4 loss: 0.209, acc: 0.935, val_loss: 0.226, val_acc: 0.930

================================================================================2021-06_20 13:42:07
*************************** [step = 50] loss: 0.213, acc: 0.934
*************************** [step = 100] loss: 0.202, acc: 0.938
*************************** [step = 150] loss: 0.199, acc: 0.939
EPOCH = 5 loss: 0.197, acc: 0.939, val_loss: 0.244, val_acc: 0.928

================================================================================2021-06_20 13:49:42
*************************** [step = 50] loss: 0.189, acc: 0.942
*************************** [step = 100] loss: 0.192, acc: 0.941
*************************** [step = 150] loss: 0.189, acc: 0.942
EPOCH = 6 loss: 0.189, acc: 0.942, val_loss: 0.213, val_acc: 0.934

================================================================================2021-06_20 13:57:17
*************************** [step = 50] loss: 0.183, acc: 0.941
*************************** [step = 100] loss: 0.189, acc: 0.941
*************************** [step = 150] loss: 0.188, acc: 0.941
EPOCH = 7 loss: 0.187, acc: 0.941, val_loss: 0.205, val_acc: 0.936

================================================================================2021-06_20 14:04:53
*************************** [step = 50] loss: 0.185, acc: 0.942
*************************** [step = 100] loss: 0.184, acc: 0.941
*************************** [step = 150] loss: 0.183, acc: 0.942
EPOCH = 8 loss: 0.183, acc: 0.942, val_loss: 0.193, val_acc: 0.942

================================================================================2021-06_20 14:12:28
*************************** [step = 50] loss: 0.171, acc: 0.947
*************************** [step = 100] loss: 0.172, acc: 0.946
*************************** [step = 150] loss: 0.173, acc: 0.945
EPOCH = 9 loss: 0.171, acc: 0.945, val_loss: 0.218, val_acc: 0.935

================================================================================2021-06_20 14:20:02
*************************** [step = 50] loss: 0.169, acc: 0.947
*************************** [step = 100] loss: 0.177, acc: 0.944
*************************** [step = 150] loss: 0.175, acc: 0.944
EPOCH = 10 loss: 0.173, acc: 0.945, val_loss: 0.279, val_acc: 0.916

================================================================================2021-06_20 14:27:37
*************************** [step = 50] loss: 0.172, acc: 0.945
*************************** [step = 100] loss: 0.172, acc: 0.946
*************************** [step = 150] loss: 0.172, acc: 0.946
EPOCH = 11 loss: 0.171, acc: 0.946, val_loss: 0.193, val_acc: 0.942

================================================================================2021-06_20 14:35:14
*************************** [step = 50] loss: 0.162, acc: 0.949
*************************** [step = 100] loss: 0.168, acc: 0.947
*************************** [step = 150] loss: 0.166, acc: 0.947
EPOCH = 12 loss: 0.164, acc: 0.948, val_loss: 0.245, val_acc: 0.924

================================================================================2021-06_20 14:42:49
*************************** [step = 50] loss: 0.165, acc: 0.949
*************************** [step = 100] loss: 0.165, acc: 0.949
*************************** [step = 150] loss: 0.166, acc: 0.948
EPOCH = 13 loss: 0.165, acc: 0.948, val_loss: 0.181, val_acc: 0.945

================================================================================2021-06_20 14:50:25
*************************** [step = 50] loss: 0.158, acc: 0.950
*************************** [step = 100] loss: 0.161, acc: 0.949
*************************** [step = 150] loss: 0.160, acc: 0.949
EPOCH = 14 loss: 0.158, acc: 0.950, val_loss: 0.206, val_acc: 0.939

================================================================================2021-06_20 14:58:03
*************************** [step = 50] loss: 0.158, acc: 0.949
*************************** [step = 100] loss: 0.162, acc: 0.948
*************************** [step = 150] loss: 0.160, acc: 0.950
EPOCH = 15 loss: 0.160, acc: 0.949, val_loss: 0.260, val_acc: 0.918

================================================================================2021-06_20 15:05:33
*************************** [step = 50] loss: 0.163, acc: 0.946
*************************** [step = 100] loss: 0.157, acc: 0.949
*************************** [step = 150] loss: 0.157, acc: 0.950
EPOCH = 16 loss: 0.158, acc: 0.950, val_loss: 0.193, val_acc: 0.942

================================================================================2021-06_20 15:13:11
*************************** [step = 50] loss: 0.154, acc: 0.950
*************************** [step = 100] loss: 0.158, acc: 0.950
*************************** [step = 150] loss: 0.153, acc: 0.951
EPOCH = 17 loss: 0.155, acc: 0.951, val_loss: 0.205, val_acc: 0.935

================================================================================2021-06_20 15:20:49
*************************** [step = 50] loss: 0.138, acc: 0.959
*************************** [step = 100] loss: 0.132, acc: 0.959
*************************** [step = 150] loss: 0.130, acc: 0.959
EPOCH = 18 loss: 0.128, acc: 0.960, val_loss: 0.176, val_acc: 0.948

================================================================================2021-06_20 15:28:24
*************************** [step = 50] loss: 0.128, acc: 0.960
*************************** [step = 100] loss: 0.125, acc: 0.959
*************************** [step = 150] loss: 0.127, acc: 0.959
EPOCH = 19 loss: 0.125, acc: 0.960, val_loss: 0.189, val_acc: 0.945

================================================================================2021-06_20 15:36:01
*************************** [step = 50] loss: 0.122, acc: 0.962
*************************** [step = 100] loss: 0.119, acc: 0.963
*************************** [step = 150] loss: 0.120, acc: 0.962
EPOCH = 20 loss: 0.119, acc: 0.962, val_loss: 0.197, val_acc: 0.943

================================================================================2021-06_20 15:43:37
*************************** training finished...
*************************** and it costs 2 h 31 min 4.92 s
Best val Acc: 0.947553
