2021-06-20 08:19:04.381794: I tensorflow/stream_executor/platform/default/dso_loader.cc:48] Successfully opened dynamic library libcudart.so.10.1
Calling XLNetTokenizer.from_pretrained() with the path to a single file or url is deprecated
Calling XLNetTokenizer.from_pretrained() with the path to a single file or url is deprecated
******** device: cuda:0
*************************** (50000,) 746 (50000,)
*************************** start encoding...
*************************** data to ids finished...
*************************** and it costs 3 min 27.16 s
*************************** (5000,) 213 (5000,)
*************************** start encoding...
*************************** data to ids finished...
*************************** and it costs 0 min 17.18 s
sample_batch: 4 torch.Size([256, 600]) torch.Size([256, 600]) torch.Size([256, 600]) torch.int64 torch.Size([256]) torch.int64
********** sample_out: torch.Size([256, 10])
Params to learn:
*************************** start training...

================================================================================2021-06_20 08:23:26
*************************** [step = 50] loss: 0.909, acc: 0.718
*************************** [step = 100] loss: 0.572, acc: 0.826
*************************** [step = 150] loss: 0.443, acc: 0.865
EPOCH = 1 loss: 0.378, acc: 0.885, val_loss: 0.180, val_acc: 0.950

================================================================================2021-06_20 08:45:40
*************************** [step = 50] loss: 0.156, acc: 0.953
*************************** [step = 100] loss: 0.149, acc: 0.955
*************************** [step = 150] loss: 0.141, acc: 0.958
EPOCH = 2 loss: 0.138, acc: 0.958, val_loss: 0.144, val_acc: 0.961

================================================================================2021-06_20 09:06:19
*************************** [step = 50] loss: 0.122, acc: 0.962
*************************** [step = 100] loss: 0.114, acc: 0.964
*************************** [step = 150] loss: 0.112, acc: 0.965
EPOCH = 3 loss: 0.111, acc: 0.965, val_loss: 0.130, val_acc: 0.961

================================================================================2021-06_20 09:26:33
*************************** [step = 50] loss: 0.092, acc: 0.970
*************************** [step = 100] loss: 0.096, acc: 0.970
*************************** [step = 150] loss: 0.095, acc: 0.970
EPOCH = 4 loss: 0.096, acc: 0.970, val_loss: 0.103, val_acc: 0.970

================================================================================2021-06_20 09:44:45
*************************** [step = 50] loss: 0.084, acc: 0.973
*************************** [step = 100] loss: 0.085, acc: 0.972
*************************** [step = 150] loss: 0.084, acc: 0.973
EPOCH = 5 loss: 0.084, acc: 0.973, val_loss: 0.117, val_acc: 0.966

================================================================================2021-06_20 09:56:27
*************************** [step = 50] loss: 0.074, acc: 0.977
*************************** [step = 100] loss: 0.075, acc: 0.975
*************************** [step = 150] loss: 0.076, acc: 0.975
EPOCH = 6 loss: 0.077, acc: 0.975, val_loss: 0.115, val_acc: 0.965

================================================================================2021-06_20 10:08:17
*************************** [step = 50] loss: 0.068, acc: 0.978
*************************** [step = 100] loss: 0.069, acc: 0.977
*************************** [step = 150] loss: 0.071, acc: 0.977
EPOCH = 7 loss: 0.072, acc: 0.977, val_loss: 0.132, val_acc: 0.964

================================================================================2021-06_20 10:20:04
*************************** [step = 50] loss: 0.066, acc: 0.978
*************************** [step = 100] loss: 0.063, acc: 0.979
*************************** [step = 150] loss: 0.063, acc: 0.980
EPOCH = 8 loss: 0.065, acc: 0.979, val_loss: 0.123, val_acc: 0.965

================================================================================2021-06_20 10:31:46
*************************** [step = 50] loss: 0.062, acc: 0.979
*************************** [step = 100] loss: 0.067, acc: 0.977
*************************** [step = 150] loss: 0.065, acc: 0.979
EPOCH = 9 loss: 0.064, acc: 0.979, val_loss: 0.137, val_acc: 0.966

================================================================================2021-06_20 10:43:26
*************************** [step = 50] loss: 0.054, acc: 0.982
*************************** [step = 100] loss: 0.055, acc: 0.982
*************************** [step = 150] loss: 0.057, acc: 0.982
EPOCH = 10 loss: 0.059, acc: 0.981, val_loss: 0.120, val_acc: 0.966

================================================================================2021-06_20 10:55:14
*************************** [step = 50] loss: 0.059, acc: 0.980
*************************** [step = 100] loss: 0.056, acc: 0.981
*************************** [step = 150] loss: 0.058, acc: 0.981
EPOCH = 11 loss: 0.056, acc: 0.981, val_loss: 0.107, val_acc: 0.971

================================================================================2021-06_20 11:06:56
*************************** [step = 50] loss: 0.049, acc: 0.983
*************************** [step = 100] loss: 0.050, acc: 0.983
*************************** [step = 150] loss: 0.052, acc: 0.983
EPOCH = 12 loss: 0.053, acc: 0.982, val_loss: 0.130, val_acc: 0.966

================================================================================2021-06_20 11:18:43
*************************** [step = 50] loss: 0.049, acc: 0.984
*************************** [step = 100] loss: 0.049, acc: 0.984
*************************** [step = 150] loss: 0.050, acc: 0.984
EPOCH = 13 loss: 0.050, acc: 0.984, val_loss: 0.109, val_acc: 0.971

================================================================================2021-06_20 11:30:35
*************************** [step = 50] loss: 0.045, acc: 0.985
*************************** [step = 100] loss: 0.047, acc: 0.984
*************************** [step = 150] loss: 0.048, acc: 0.984
EPOCH = 14 loss: 0.050, acc: 0.983, val_loss: 0.114, val_acc: 0.970

================================================================================2021-06_20 11:42:27
*************************** [step = 50] loss: 0.042, acc: 0.985
*************************** [step = 100] loss: 0.046, acc: 0.985
*************************** [step = 150] loss: 0.047, acc: 0.985
EPOCH = 15 loss: 0.048, acc: 0.984, val_loss: 0.132, val_acc: 0.967

================================================================================2021-06_20 11:54:14
*************************** [step = 50] loss: 0.047, acc: 0.986
*************************** [step = 100] loss: 0.044, acc: 0.986
*************************** [step = 150] loss: 0.046, acc: 0.985
EPOCH = 16 loss: 0.046, acc: 0.985, val_loss: 0.123, val_acc: 0.967

================================================================================2021-06_20 12:06:05
*************************** [step = 50] loss: 0.036, acc: 0.988
*************************** [step = 100] loss: 0.037, acc: 0.988
*************************** [step = 150] loss: 0.042, acc: 0.987
EPOCH = 17 loss: 0.043, acc: 0.986, val_loss: 0.124, val_acc: 0.969

================================================================================2021-06_20 12:17:53
*************************** [step = 50] loss: 0.035, acc: 0.988
*************************** [step = 100] loss: 0.036, acc: 0.988
*************************** [step = 150] loss: 0.037, acc: 0.988
EPOCH = 18 loss: 0.037, acc: 0.988, val_loss: 0.118, val_acc: 0.970

================================================================================2021-06_20 12:29:44
*************************** [step = 50] loss: 0.035, acc: 0.988
*************************** [step = 100] loss: 0.035, acc: 0.989
*************************** [step = 150] loss: 0.036, acc: 0.988
EPOCH = 19 loss: 0.034, acc: 0.988, val_loss: 0.117, val_acc: 0.970

================================================================================2021-06_20 12:41:36
*************************** [step = 50] loss: 0.037, acc: 0.989
*************************** [step = 100] loss: 0.036, acc: 0.988
*************************** [step = 150] loss: 0.036, acc: 0.988
EPOCH = 20 loss: 0.034, acc: 0.989, val_loss: 0.119, val_acc: 0.970

================================================================================2021-06_20 12:53:23
*************************** training finished...
*************************** and it costs 4 h 29 min 57.16 s
Best val Acc: 0.971484
